mode: set
github.com/jasper/ai-memory/internal/capture/capture.go:20.65,26.2 1 1
github.com/jasper/ai-memory/internal/capture/capture.go:28.81,32.21 3 1
github.com/jasper/ai-memory/internal/capture/capture.go:32.21,34.3 1 1
github.com/jasper/ai-memory/internal/capture/capture.go:36.2,36.38 1 1
github.com/jasper/ai-memory/internal/capture/capture.go:36.38,38.3 1 0
github.com/jasper/ai-memory/internal/capture/capture.go:40.2,40.21 1 1
github.com/jasper/ai-memory/internal/capture/capture.go:40.21,42.3 1 0
github.com/jasper/ai-memory/internal/capture/capture.go:44.2,45.26 2 1
github.com/jasper/ai-memory/internal/capture/capture.go:48.75,58.20 2 1
github.com/jasper/ai-memory/internal/capture/capture.go:58.20,60.3 1 1
github.com/jasper/ai-memory/internal/capture/capture.go:62.2,65.13 3 1
github.com/jasper/ai-memory/internal/capture/capture.go:68.68,76.29 6 1
github.com/jasper/ai-memory/internal/capture/capture.go:76.29,79.44 2 1
github.com/jasper/ai-memory/internal/capture/capture.go:79.44,80.56 1 1
github.com/jasper/ai-memory/internal/capture/capture.go:80.56,84.5 3 0
github.com/jasper/ai-memory/internal/capture/capture.go:86.4,92.21 3 1
github.com/jasper/ai-memory/internal/capture/capture.go:92.21,94.5 1 1
github.com/jasper/ai-memory/internal/capture/capture.go:96.9,96.55 1 1
github.com/jasper/ai-memory/internal/capture/capture.go:96.55,97.56 1 1
github.com/jasper/ai-memory/internal/capture/capture.go:97.56,101.5 3 1
github.com/jasper/ai-memory/internal/capture/capture.go:103.4,109.21 3 1
github.com/jasper/ai-memory/internal/capture/capture.go:109.21,111.5 1 1
github.com/jasper/ai-memory/internal/capture/capture.go:113.9,113.56 1 1
github.com/jasper/ai-memory/internal/capture/capture.go:113.56,115.4 1 1
github.com/jasper/ai-memory/internal/capture/capture.go:115.9,115.53 1 0
github.com/jasper/ai-memory/internal/capture/capture.go:115.53,121.4 2 0
github.com/jasper/ai-memory/internal/capture/capture.go:124.2,124.54 1 1
github.com/jasper/ai-memory/internal/capture/capture.go:124.54,127.3 2 1
github.com/jasper/ai-memory/internal/capture/capture.go:129.2,129.42 1 1
github.com/jasper/ai-memory/internal/capture/capture.go:129.42,135.3 1 0
github.com/jasper/ai-memory/internal/capture/capture.go:137.2,137.26 1 1
github.com/jasper/ai-memory/internal/capture/capture.go:137.26,139.3 1 1
github.com/jasper/ai-memory/internal/capture/capture.go:141.2,141.17 1 1
github.com/jasper/ai-memory/internal/capture/capture.go:144.57,146.29 2 1
github.com/jasper/ai-memory/internal/capture/capture.go:146.29,148.20 2 1
github.com/jasper/ai-memory/internal/capture/capture.go:148.20,150.9 2 1
github.com/jasper/ai-memory/internal/capture/capture.go:154.2,154.21 1 1
github.com/jasper/ai-memory/internal/capture/capture.go:154.21,156.3 1 0
github.com/jasper/ai-memory/internal/capture/capture.go:158.2,159.34 2 1
github.com/jasper/ai-memory/internal/capture/capture.go:159.34,161.3 1 1
github.com/jasper/ai-memory/internal/capture/capture.go:162.2,164.25 2 1
github.com/jasper/ai-memory/internal/capture/capture.go:164.25,166.3 1 0
github.com/jasper/ai-memory/internal/capture/capture.go:168.2,168.18 1 1
github.com/jasper/ai-memory/internal/capture/capture.go:171.52,174.2 2 1
github.com/jasper/ai-memory/internal/capture/capture.go:182.74,186.2 3 0
github.com/jasper/ai-memory/internal/capture/capture.go:190.73,194.2 3 0
github.com/jasper/ai-memory/internal/capture/capture.go:196.47,199.44 2 1
github.com/jasper/ai-memory/internal/capture/capture.go:199.44,201.3 1 1
github.com/jasper/ai-memory/internal/capture/capture.go:202.2,202.43 1 1
github.com/jasper/ai-memory/internal/capture/capture.go:202.43,204.3 1 1
github.com/jasper/ai-memory/internal/capture/capture.go:205.2,205.84 1 1
github.com/jasper/ai-memory/internal/capture/capture.go:205.84,207.3 1 1
github.com/jasper/ai-memory/internal/capture/capture.go:208.2,208.43 1 1
github.com/jasper/ai-memory/internal/capture/capture.go:208.43,210.3 1 1
github.com/jasper/ai-memory/internal/capture/capture.go:212.2,212.18 1 1
github.com/jasper/ai-memory/internal/storage/sqlite.go:20.58,21.18 1 1
github.com/jasper/ai-memory/internal/storage/sqlite.go:21.18,23.17 2 0
github.com/jasper/ai-memory/internal/storage/sqlite.go:23.17,25.4 1 0
github.com/jasper/ai-memory/internal/storage/sqlite.go:26.3,26.68 1 0
github.com/jasper/ai-memory/internal/storage/sqlite.go:29.2,30.47 2 1
github.com/jasper/ai-memory/internal/storage/sqlite.go:30.47,32.3 1 0
github.com/jasper/ai-memory/internal/storage/sqlite.go:34.2,35.16 2 1
github.com/jasper/ai-memory/internal/storage/sqlite.go:35.16,37.3 1 0
github.com/jasper/ai-memory/internal/storage/sqlite.go:39.2,40.45 2 1
github.com/jasper/ai-memory/internal/storage/sqlite.go:40.45,42.3 1 0
github.com/jasper/ai-memory/internal/storage/sqlite.go:44.2,44.19 1 1
github.com/jasper/ai-memory/internal/storage/sqlite.go:47.44,90.32 2 1
github.com/jasper/ai-memory/internal/storage/sqlite.go:90.32,91.45 1 1
github.com/jasper/ai-memory/internal/storage/sqlite.go:91.45,93.4 1 0
github.com/jasper/ai-memory/internal/storage/sqlite.go:96.2,96.12 1 1
github.com/jasper/ai-memory/internal/storage/sqlite.go:99.73,101.16 2 1
github.com/jasper/ai-memory/internal/storage/sqlite.go:101.16,103.3 1 0
github.com/jasper/ai-memory/internal/storage/sqlite.go:104.2,113.16 4 1
github.com/jasper/ai-memory/internal/storage/sqlite.go:113.16,115.3 1 0
github.com/jasper/ai-memory/internal/storage/sqlite.go:117.2,118.16 2 1
github.com/jasper/ai-memory/internal/storage/sqlite.go:118.16,120.3 1 0
github.com/jasper/ai-memory/internal/storage/sqlite.go:121.2,123.31 2 1
github.com/jasper/ai-memory/internal/storage/sqlite.go:123.31,130.17 2 1
github.com/jasper/ai-memory/internal/storage/sqlite.go:130.17,132.4 1 0
github.com/jasper/ai-memory/internal/storage/sqlite.go:133.3,135.43 3 1
github.com/jasper/ai-memory/internal/storage/sqlite.go:138.2,138.20 1 1
github.com/jasper/ai-memory/internal/storage/sqlite.go:141.79,150.16 4 1
github.com/jasper/ai-memory/internal/storage/sqlite.go:150.16,152.3 1 0
github.com/jasper/ai-memory/internal/storage/sqlite.go:154.2,154.20 1 1
github.com/jasper/ai-memory/internal/storage/sqlite.go:154.20,156.3 1 1
github.com/jasper/ai-memory/internal/storage/sqlite.go:158.2,162.16 2 1
github.com/jasper/ai-memory/internal/storage/sqlite.go:162.16,164.3 1 0
github.com/jasper/ai-memory/internal/storage/sqlite.go:165.2,168.18 3 1
github.com/jasper/ai-memory/internal/storage/sqlite.go:168.18,171.17 3 1
github.com/jasper/ai-memory/internal/storage/sqlite.go:171.17,173.4 1 0
github.com/jasper/ai-memory/internal/storage/sqlite.go:174.3,174.45 1 1
github.com/jasper/ai-memory/internal/storage/sqlite.go:177.2,177.18 1 1
github.com/jasper/ai-memory/internal/storage/sqlite.go:180.117,184.36 3 1
github.com/jasper/ai-memory/internal/storage/sqlite.go:184.36,187.3 2 0
github.com/jasper/ai-memory/internal/storage/sqlite.go:188.2,188.42 1 1
github.com/jasper/ai-memory/internal/storage/sqlite.go:188.42,191.3 2 0
github.com/jasper/ai-memory/internal/storage/sqlite.go:193.2,197.16 4 1
github.com/jasper/ai-memory/internal/storage/sqlite.go:197.16,199.3 1 0
github.com/jasper/ai-memory/internal/storage/sqlite.go:200.2,203.18 3 1
github.com/jasper/ai-memory/internal/storage/sqlite.go:203.18,207.17 4 1
github.com/jasper/ai-memory/internal/storage/sqlite.go:207.17,209.4 1 0
github.com/jasper/ai-memory/internal/storage/sqlite.go:210.3,210.21 1 1
github.com/jasper/ai-memory/internal/storage/sqlite.go:210.21,212.4 1 1
github.com/jasper/ai-memory/internal/storage/sqlite.go:213.3,213.46 1 1
github.com/jasper/ai-memory/internal/storage/sqlite.go:216.2,216.27 1 1
github.com/jasper/ai-memory/internal/storage/sqlite.go:219.86,233.16 3 1
github.com/jasper/ai-memory/internal/storage/sqlite.go:233.16,235.3 1 0
github.com/jasper/ai-memory/internal/storage/sqlite.go:236.2,239.18 3 1
github.com/jasper/ai-memory/internal/storage/sqlite.go:239.18,250.17 5 1
github.com/jasper/ai-memory/internal/storage/sqlite.go:250.17,252.4 1 0
github.com/jasper/ai-memory/internal/storage/sqlite.go:254.3,254.21 1 1
github.com/jasper/ai-memory/internal/storage/sqlite.go:254.21,256.4 1 1
github.com/jasper/ai-memory/internal/storage/sqlite.go:258.3,259.36 2 1
github.com/jasper/ai-memory/internal/storage/sqlite.go:262.2,262.21 1 1
github.com/jasper/ai-memory/internal/storage/sqlite.go:265.69,272.16 3 1
github.com/jasper/ai-memory/internal/storage/sqlite.go:272.16,274.3 1 0
github.com/jasper/ai-memory/internal/storage/sqlite.go:276.2,277.16 2 1
github.com/jasper/ai-memory/internal/storage/sqlite.go:277.16,279.3 1 0
github.com/jasper/ai-memory/internal/storage/sqlite.go:281.2,282.16 2 1
github.com/jasper/ai-memory/internal/storage/sqlite.go:282.16,284.3 1 0
github.com/jasper/ai-memory/internal/storage/sqlite.go:286.2,289.16 3 1
github.com/jasper/ai-memory/internal/storage/sqlite.go:289.16,291.3 1 0
github.com/jasper/ai-memory/internal/storage/sqlite.go:292.2,294.18 2 1
github.com/jasper/ai-memory/internal/storage/sqlite.go:294.18,297.50 3 1
github.com/jasper/ai-memory/internal/storage/sqlite.go:297.50,299.4 1 1
github.com/jasper/ai-memory/internal/storage/sqlite.go:302.2,303.16 2 1
github.com/jasper/ai-memory/internal/storage/sqlite.go:303.16,305.3 1 0
github.com/jasper/ai-memory/internal/storage/sqlite.go:306.2,308.18 2 1
github.com/jasper/ai-memory/internal/storage/sqlite.go:308.18,311.53 3 1
github.com/jasper/ai-memory/internal/storage/sqlite.go:311.53,313.4 1 1
github.com/jasper/ai-memory/internal/storage/sqlite.go:316.2,316.19 1 1
github.com/jasper/ai-memory/internal/storage/sqlite.go:319.58,322.2 2 0
github.com/jasper/ai-memory/internal/storage/sqlite.go:324.37,326.2 1 1
github.com/jasper/ai-memory/internal/storage/sqlite.go:328.57,329.28 1 1
github.com/jasper/ai-memory/internal/storage/sqlite.go:329.28,331.3 1 1
github.com/jasper/ai-memory/internal/storage/sqlite.go:332.2,332.52 1 0
github.com/jasper/ai-memory/internal/storage/sqlite.go:335.75,344.2 4 0
github.com/jasper/ai-memory/cmd/ai-memory/main.go:7.13,9.2 1 0
github.com/jasper/ai-memory/internal/search/search.go:12.56,14.2 1 0
github.com/jasper/ai-memory/internal/search/search.go:16.83,18.2 1 0
github.com/jasper/ai-memory/internal/search/search.go:20.126,22.16 2 0
github.com/jasper/ai-memory/internal/search/search.go:22.16,24.3 1 0
github.com/jasper/ai-memory/internal/search/search.go:26.2,26.60 1 0
github.com/jasper/ai-memory/internal/search/search.go:26.60,28.29 2 0
github.com/jasper/ai-memory/internal/search/search.go:28.29,29.35 1 0
github.com/jasper/ai-memory/internal/search/search.go:29.35,31.5 1 0
github.com/jasper/ai-memory/internal/search/search.go:33.3,33.21 1 0
github.com/jasper/ai-memory/internal/search/search.go:36.2,36.69 1 0
github.com/jasper/ai-memory/internal/search/search.go:36.69,38.29 2 0
github.com/jasper/ai-memory/internal/search/search.go:38.29,39.41 1 0
github.com/jasper/ai-memory/internal/search/search.go:39.41,41.5 1 0
github.com/jasper/ai-memory/internal/search/search.go:43.3,43.21 1 0
github.com/jasper/ai-memory/internal/search/search.go:46.2,46.21 1 0
github.com/jasper/ai-memory/internal/tui/browser.go:40.54,42.2 1 0
github.com/jasper/ai-memory/internal/tui/browser.go:44.31,47.35 3 0
github.com/jasper/ai-memory/internal/tui/browser.go:47.35,49.3 1 0
github.com/jasper/ai-memory/internal/tui/browser.go:50.2,50.12 1 0
github.com/jasper/ai-memory/internal/tui/browser.go:57.40,59.2 1 0
github.com/jasper/ai-memory/internal/tui/browser.go:61.34,63.2 1 0
github.com/jasper/ai-memory/internal/tui/browser.go:65.40,67.34 2 0
github.com/jasper/ai-memory/internal/tui/browser.go:67.34,69.3 1 0
github.com/jasper/ai-memory/internal/tui/browser.go:70.2,70.13 1 0
github.com/jasper/ai-memory/internal/tui/browser.go:87.53,91.16 3 0
github.com/jasper/ai-memory/internal/tui/browser.go:91.16,92.38 1 0
github.com/jasper/ai-memory/internal/tui/browser.go:92.38,94.4 1 0
github.com/jasper/ai-memory/internal/tui/browser.go:97.2,115.3 10 0
github.com/jasper/ai-memory/internal/tui/browser.go:118.31,120.2 1 0
github.com/jasper/ai-memory/internal/tui/browser.go:122.57,128.27 2 0
github.com/jasper/ai-memory/internal/tui/browser.go:129.25,133.15 3 0
github.com/jasper/ai-memory/internal/tui/browser.go:133.15,135.4 1 0
github.com/jasper/ai-memory/internal/tui/browser.go:137.3,141.35 4 0
github.com/jasper/ai-memory/internal/tui/browser.go:143.18,144.23 1 0
github.com/jasper/ai-memory/internal/tui/browser.go:145.22,146.22 1 0
github.com/jasper/ai-memory/internal/tui/browser.go:148.16,149.56 1 0
github.com/jasper/ai-memory/internal/tui/browser.go:149.56,151.19 2 0
github.com/jasper/ai-memory/internal/tui/browser.go:151.19,154.6 2 0
github.com/jasper/ai-memory/internal/tui/browser.go:157.12,159.36 2 0
github.com/jasper/ai-memory/internal/tui/browser.go:161.14,163.37 2 0
github.com/jasper/ai-memory/internal/tui/browser.go:167.2,167.19 1 0
github.com/jasper/ai-memory/internal/tui/browser.go:167.19,170.3 2 0
github.com/jasper/ai-memory/internal/tui/browser.go:172.2,175.30 3 0
github.com/jasper/ai-memory/internal/tui/browser.go:178.34,179.27 1 0
github.com/jasper/ai-memory/internal/tui/browser.go:179.27,182.3 2 0
github.com/jasper/ai-memory/internal/tui/browser.go:184.2,188.34 5 0
github.com/jasper/ai-memory/internal/tui/browser.go:188.34,190.3 1 0
github.com/jasper/ai-memory/internal/tui/browser.go:191.2,191.34 1 0
github.com/jasper/ai-memory/internal/tui/browser.go:191.34,193.3 1 0
github.com/jasper/ai-memory/internal/tui/browser.go:194.2,197.46 3 0
github.com/jasper/ai-memory/internal/tui/browser.go:197.46,199.25 2 0
github.com/jasper/ai-memory/internal/tui/browser.go:199.25,202.4 2 0
github.com/jasper/ai-memory/internal/tui/browser.go:202.9,205.4 2 0
github.com/jasper/ai-memory/internal/tui/browser.go:206.3,208.30 3 0
github.com/jasper/ai-memory/internal/tui/browser.go:211.2,212.22 2 0
github.com/jasper/ai-memory/internal/tui/browser.go:215.30,216.14 1 0
github.com/jasper/ai-memory/internal/tui/browser.go:216.14,218.3 1 0
github.com/jasper/ai-memory/internal/tui/browser.go:220.2,220.18 1 0
github.com/jasper/ai-memory/internal/tui/browser.go:220.18,222.3 1 0
github.com/jasper/ai-memory/internal/tui/browser.go:224.2,240.17 4 0
github.com/jasper/ai-memory/internal/cli/browse.go:9.40,18.2 2 0
github.com/jasper/ai-memory/internal/cli/browse.go:20.57,22.16 2 0
github.com/jasper/ai-memory/internal/cli/browse.go:22.16,24.3 1 0
github.com/jasper/ai-memory/internal/cli/browse.go:25.2,28.22 3 0
github.com/jasper/ai-memory/internal/cli/capture.go:13.41,32.2 6 0
github.com/jasper/ai-memory/internal/cli/capture.go:34.58,37.31 2 0
github.com/jasper/ai-memory/internal/cli/capture.go:37.31,39.3 1 0
github.com/jasper/ai-memory/internal/cli/capture.go:41.2,42.16 2 0
github.com/jasper/ai-memory/internal/cli/capture.go:42.16,44.3 1 0
github.com/jasper/ai-memory/internal/cli/capture.go:45.2,49.16 4 0
github.com/jasper/ai-memory/internal/cli/capture.go:49.16,51.3 1 0
github.com/jasper/ai-memory/internal/cli/capture.go:53.2,53.30 1 0
github.com/jasper/ai-memory/internal/cli/capture.go:53.30,57.3 3 0
github.com/jasper/ai-memory/internal/cli/capture.go:59.2,59.61 1 0
github.com/jasper/ai-memory/internal/cli/capture.go:59.61,61.3 1 0
github.com/jasper/ai-memory/internal/cli/capture.go:63.2,66.32 4 0
github.com/jasper/ai-memory/internal/cli/capture.go:66.32,68.3 1 0
github.com/jasper/ai-memory/internal/cli/capture.go:69.2,69.32 1 0
github.com/jasper/ai-memory/internal/cli/capture.go:69.32,71.3 1 0
github.com/jasper/ai-memory/internal/cli/capture.go:72.2,75.44 3 0
github.com/jasper/ai-memory/internal/cli/capture.go:75.44,77.3 1 0
github.com/jasper/ai-memory/internal/cli/capture.go:78.2,80.12 2 0
github.com/jasper/ai-memory/internal/cli/delete.go:10.40,23.55 3 0
github.com/jasper/ai-memory/internal/cli/delete.go:23.55,24.27 1 0
github.com/jasper/ai-memory/internal/cli/delete.go:24.27,26.5 1 0
github.com/jasper/ai-memory/internal/cli/delete.go:27.4,27.45 1 0
github.com/jasper/ai-memory/internal/cli/delete.go:31.2,35.12 4 0
github.com/jasper/ai-memory/internal/cli/delete.go:38.50,40.16 2 0
github.com/jasper/ai-memory/internal/cli/delete.go:40.16,42.3 1 0
github.com/jasper/ai-memory/internal/cli/delete.go:43.2,46.16 3 0
github.com/jasper/ai-memory/internal/cli/delete.go:46.16,48.3 1 0
github.com/jasper/ai-memory/internal/cli/delete.go:50.2,50.18 1 0
github.com/jasper/ai-memory/internal/cli/delete.go:50.18,54.41 4 0
github.com/jasper/ai-memory/internal/cli/delete.go:54.41,57.4 2 0
github.com/jasper/ai-memory/internal/cli/delete.go:60.2,60.53 1 0
github.com/jasper/ai-memory/internal/cli/delete.go:60.53,62.3 1 0
github.com/jasper/ai-memory/internal/cli/delete.go:64.2,65.12 2 0
github.com/jasper/ai-memory/internal/cli/export.go:11.40,24.55 3 0
github.com/jasper/ai-memory/internal/cli/export.go:24.55,25.27 1 0
github.com/jasper/ai-memory/internal/cli/export.go:25.27,27.5 1 0
github.com/jasper/ai-memory/internal/cli/export.go:28.4,28.44 1 0
github.com/jasper/ai-memory/internal/cli/export.go:32.2,36.12 4 0
github.com/jasper/ai-memory/internal/cli/export.go:39.47,40.22 1 0
github.com/jasper/ai-memory/internal/cli/export.go:40.22,42.3 1 0
github.com/jasper/ai-memory/internal/cli/export.go:44.2,45.16 2 0
github.com/jasper/ai-memory/internal/cli/export.go:45.16,47.3 1 0
github.com/jasper/ai-memory/internal/cli/export.go:48.2,51.16 3 0
github.com/jasper/ai-memory/internal/cli/export.go:51.16,53.3 1 0
github.com/jasper/ai-memory/internal/cli/export.go:55.2,56.16 2 0
github.com/jasper/ai-memory/internal/cli/export.go:56.16,58.3 1 0
github.com/jasper/ai-memory/internal/cli/export.go:60.2,61.12 2 0
github.com/jasper/ai-memory/internal/cli/list.go:11.38,28.55 4 0
github.com/jasper/ai-memory/internal/cli/list.go:28.55,30.24 2 0
github.com/jasper/ai-memory/internal/cli/list.go:30.24,32.5 1 0
github.com/jasper/ai-memory/internal/cli/list.go:33.4,33.27 1 0
github.com/jasper/ai-memory/internal/cli/list.go:33.27,35.5 1 0
github.com/jasper/ai-memory/internal/cli/list.go:36.4,36.33 1 0
github.com/jasper/ai-memory/internal/cli/list.go:40.2,44.12 4 0
github.com/jasper/ai-memory/internal/cli/list.go:47.57,49.16 2 0
github.com/jasper/ai-memory/internal/cli/list.go:49.16,51.3 1 0
github.com/jasper/ai-memory/internal/cli/list.go:52.2,55.16 3 0
github.com/jasper/ai-memory/internal/cli/list.go:55.16,57.3 1 0
github.com/jasper/ai-memory/internal/cli/list.go:59.2,59.29 1 0
github.com/jasper/ai-memory/internal/cli/list.go:59.29,62.3 2 0
github.com/jasper/ai-memory/internal/cli/list.go:64.2,66.37 2 0
github.com/jasper/ai-memory/internal/cli/list.go:66.37,69.25 3 0
github.com/jasper/ai-memory/internal/cli/list.go:69.25,71.4 1 0
github.com/jasper/ai-memory/internal/cli/list.go:72.3,72.25 1 0
github.com/jasper/ai-memory/internal/cli/list.go:72.25,74.4 1 0
github.com/jasper/ai-memory/internal/cli/list.go:75.3,76.16 2 0
github.com/jasper/ai-memory/internal/cli/list.go:79.2,79.12 1 0
github.com/jasper/ai-memory/internal/cli/root.go:17.38,39.2 4 0
github.com/jasper/ai-memory/internal/cli/root.go:41.16,42.51 1 0
github.com/jasper/ai-memory/internal/cli/root.go:42.51,45.3 2 0
github.com/jasper/ai-memory/internal/cli/search.go:12.40,29.55 3 0
github.com/jasper/ai-memory/internal/cli/search.go:29.55,32.4 2 0
github.com/jasper/ai-memory/internal/cli/search.go:35.2,38.12 3 0
github.com/jasper/ai-memory/internal/cli/search.go:41.65,43.16 2 0
github.com/jasper/ai-memory/internal/cli/search.go:43.16,45.3 1 0
github.com/jasper/ai-memory/internal/cli/search.go:46.2,50.16 4 0
github.com/jasper/ai-memory/internal/cli/search.go:50.16,52.3 1 0
github.com/jasper/ai-memory/internal/cli/search.go:54.2,54.23 1 0
github.com/jasper/ai-memory/internal/cli/search.go:54.23,57.3 2 0
github.com/jasper/ai-memory/internal/cli/search.go:59.2,61.33 2 0
github.com/jasper/ai-memory/internal/cli/search.go:61.33,64.40 3 0
github.com/jasper/ai-memory/internal/cli/search.go:64.40,66.4 1 0
github.com/jasper/ai-memory/internal/cli/search.go:67.3,69.18 2 0
github.com/jasper/ai-memory/internal/cli/search.go:69.18,71.4 1 0
github.com/jasper/ai-memory/internal/cli/search.go:71.9,73.26 2 0
github.com/jasper/ai-memory/internal/cli/search.go:73.26,75.5 1 0
github.com/jasper/ai-memory/internal/cli/search.go:76.4,76.34 1 0
github.com/jasper/ai-memory/internal/cli/search.go:78.3,78.16 1 0
github.com/jasper/ai-memory/internal/cli/search.go:81.2,81.12 1 0
github.com/jasper/ai-memory/internal/cli/stats.go:10.39,19.2 2 0
github.com/jasper/ai-memory/internal/cli/stats.go:21.56,23.16 2 0
github.com/jasper/ai-memory/internal/cli/stats.go:23.16,25.3 1 0
github.com/jasper/ai-memory/internal/cli/stats.go:26.2,29.16 3 0
github.com/jasper/ai-memory/internal/cli/stats.go:29.16,31.3 1 0
github.com/jasper/ai-memory/internal/cli/stats.go:33.2,40.34 7 0
github.com/jasper/ai-memory/internal/cli/stats.go:40.34,42.48 2 0
github.com/jasper/ai-memory/internal/cli/stats.go:42.48,44.4 1 0
github.com/jasper/ai-memory/internal/cli/stats.go:47.2,47.37 1 0
github.com/jasper/ai-memory/internal/cli/stats.go:47.37,49.54 2 0
github.com/jasper/ai-memory/internal/cli/stats.go:49.54,51.4 1 0
github.com/jasper/ai-memory/internal/cli/stats.go:54.2,54.12 1 0
